[03:12:58] [Server thread/INFO]: Starting minecraft server version 1.10.2
[03:12:58] [Server thread/INFO]: Loading properties
[03:12:58] [Server thread/INFO]: Default game type: SURVIVAL
[03:12:58] [Server thread/INFO]: This server is running CraftBukkit version git-Spigot-90f61bc-5e5cf84 (MC: 1.10.2) (Implementing API version 1.10.2-R0.1-SNAPSHOT)
[03:12:59] [Server thread/INFO]: Server Ping Player Sample Count: 12
[03:12:59] [Server thread/INFO]: Using 4 threads for Netty based IO
[03:12:59] [Server thread/INFO]: Debug logging is disabled
[03:12:59] [Server thread/INFO]: Generating keypair
[03:12:59] [Server thread/INFO]: Starting Minecraft server on *:25565
[03:12:59] [Server thread/INFO]: Using epoll channel type
[03:12:59] [Server thread/INFO]: Set PluginClassLoader as parallel capable
[03:13:00] [Server thread/INFO]: [WorldEdit] Loading WorldEdit v6.1.3;7a097ca
[03:13:00] [Server thread/INFO]: [Essentials] Loading Essentials vTeamCity
[03:13:00] [Server thread/INFO]: [VoxelSniper] Loading VoxelSniper v5.171.0-SNAPSHOT
[03:13:00] [Server thread/INFO]: [EssentialsChat] Loading EssentialsChat vTeamCity
[03:13:00] [Server thread/INFO]: [Vehicles] Loading Vehicles v5.0
[03:13:00] [Server thread/INFO]: [CrimeRing] Loading CrimeRing v1.0
[03:13:00] [Server thread/INFO]: [CrackShot] Loading CrackShot v0.98.5
[03:13:00] [Server thread/INFO]: [Chairs] Loading Chairs v4.9
[03:13:00] [Server thread/INFO]: [CreeperHeal] Loading CreeperHeal v6.8.1
[03:13:00] [Server thread/INFO]: [SurvivalMechanics] Loading SurvivalMechanics v0.07
[03:13:00] [Server thread/INFO]: [EssentialsSpawn] Loading EssentialsSpawn vTeamCity
[03:13:00] [Server thread/INFO]: [WorldGuard] Loading WorldGuard v6.1.2;e38d98d
[03:13:00] [Server thread/INFO]: [ProtocolLib] Loading ProtocolLib v4.0.2
[03:13:00] [Server thread/INFO]: [Multiverse-Core] Loading Multiverse-Core v2.5-b717
[03:13:00] [Server thread/INFO]: [EnjinMinecraftPlugin] Loading EnjinMinecraftPlugin v2.7.7
[03:13:00] [Server thread/INFO]: [LibsDisguises] Loading LibsDisguises v9.0.9
[03:13:00] [Server thread/INFO]: [MythicMobs] Loading MythicMobs v2.4.5
[03:13:00] [Server thread/INFO]: [ProtocolLib] Enabling ProtocolLib v4.0.2
[03:13:00] [Server thread/INFO]: [ProtocolLib] Started structure compiler thread.
[03:13:00] [Server thread/INFO]: **** Beginning UUID conversion, this may take A LONG time ****
[03:13:00] [Server thread/INFO]: Preparing level "world"
[03:13:00] [Server thread/INFO]: -------- World Settings For [world] --------
[03:13:00] [Server thread/INFO]: Cactus Growth Modifier: 100%
[03:13:00] [Server thread/INFO]: Cane Growth Modifier: 100%
[03:13:00] [Server thread/INFO]: Melon Growth Modifier: 100%
[03:13:00] [Server thread/INFO]: Mushroom Growth Modifier: 100%
[03:13:00] [Server thread/INFO]: Pumpkin Growth Modifier: 100%
[03:13:00] [Server thread/INFO]: Sapling Growth Modifier: 100%
[03:13:00] [Server thread/INFO]: Wheat Growth Modifier: 100%
[03:13:00] [Server thread/INFO]: NetherWart Growth Modifier: 100%
[03:13:00] [Server thread/INFO]: Vine Growth Modifier: 100%
[03:13:00] [Server thread/INFO]: Cocoa Growth Modifier: 100%
[03:13:00] [Server thread/INFO]: Entity Activation Range: An 32 / Mo 32 / Mi 16
[03:13:00] [Server thread/INFO]: Mob Spawn Range: 4
[03:13:00] [Server thread/INFO]: Entity Tracking Range: Pl 48 / An 48 / Mo 48 / Mi 32 / Other 64
[03:13:00] [Server thread/INFO]: Hopper Transfer: 8 Hopper Check: 8 Hopper Amount: 1
[03:13:00] [Server thread/INFO]: Random Lighting Updates: false
[03:13:00] [Server thread/INFO]: Structure Info Saving: true
[03:13:00] [Server thread/INFO]: Max Entity Collisions: 8
[03:13:00] [Server thread/INFO]: Custom Map Seeds:  Village: 10387312 Feature: 14357617
[03:13:00] [Server thread/INFO]: Max TNT Explosions: 100
[03:13:00] [Server thread/INFO]: Tile Max Tick Time: 50ms Entity max Tick Time: 50ms
[03:13:00] [Server thread/INFO]: Item Despawn Rate: 6000
[03:13:00] [Server thread/INFO]: Item Merge Radius: 2.5
[03:13:00] [Server thread/INFO]: Arrow Despawn Rate: 1200
[03:13:00] [Server thread/INFO]: Allow Zombie Pigmen to spawn from portal blocks: true
[03:13:00] [Server thread/INFO]: View Distance: 10
[03:13:00] [Server thread/INFO]: Zombie Aggressive Towards Villager: true
[03:13:00] [Server thread/INFO]: Experience Merge Radius: 3.0
[03:13:00] [Server thread/INFO]: Nerfing mobs spawned from spawners: false
[03:13:00] [Server thread/INFO]: -------- World Settings For [world_nether] --------
[03:13:00] [Server thread/INFO]: Cactus Growth Modifier: 100%
[03:13:00] [Server thread/INFO]: Cane Growth Modifier: 100%
[03:13:00] [Server thread/INFO]: Melon Growth Modifier: 100%
[03:13:00] [Server thread/INFO]: Mushroom Growth Modifier: 100%
[03:13:00] [Server thread/INFO]: Pumpkin Growth Modifier: 100%
[03:13:00] [Server thread/INFO]: Sapling Growth Modifier: 100%
[03:13:00] [Server thread/INFO]: Wheat Growth Modifier: 100%
[03:13:00] [Server thread/INFO]: NetherWart Growth Modifier: 100%
[03:13:00] [Server thread/INFO]: Vine Growth Modifier: 100%
[03:13:00] [Server thread/INFO]: Cocoa Growth Modifier: 100%
[03:13:00] [Server thread/INFO]: Entity Activation Range: An 32 / Mo 32 / Mi 16
[03:13:00] [Server thread/INFO]: Mob Spawn Range: 4
[03:13:00] [Server thread/INFO]: Entity Tracking Range: Pl 48 / An 48 / Mo 48 / Mi 32 / Other 64
[03:13:00] [Server thread/INFO]: Hopper Transfer: 8 Hopper Check: 8 Hopper Amount: 1
[03:13:00] [Server thread/INFO]: Random Lighting Updates: false
[03:13:00] [Server thread/INFO]: Structure Info Saving: true
[03:13:00] [Server thread/INFO]: Max Entity Collisions: 8
[03:13:00] [Server thread/INFO]: Custom Map Seeds:  Village: 10387312 Feature: 14357617
[03:13:00] [Server thread/INFO]: Max TNT Explosions: 100
[03:13:00] [Server thread/INFO]: Tile Max Tick Time: 50ms Entity max Tick Time: 50ms
[03:13:00] [Server thread/INFO]: Item Despawn Rate: 6000
[03:13:00] [Server thread/INFO]: Item Merge Radius: 2.5
[03:13:00] [Server thread/INFO]: Arrow Despawn Rate: 1200
[03:13:00] [Server thread/INFO]: Allow Zombie Pigmen to spawn from portal blocks: true
[03:13:00] [Server thread/INFO]: View Distance: 10
[03:13:00] [Server thread/INFO]: Zombie Aggressive Towards Villager: true
[03:13:00] [Server thread/INFO]: Experience Merge Radius: 3.0
[03:13:00] [Server thread/INFO]: Nerfing mobs spawned from spawners: false
[03:13:01] [Server thread/INFO]: -------- World Settings For [world_the_end] --------
[03:13:01] [Server thread/INFO]: Cactus Growth Modifier: 100%
[03:13:01] [Server thread/INFO]: Cane Growth Modifier: 100%
[03:13:01] [Server thread/INFO]: Melon Growth Modifier: 100%
[03:13:01] [Server thread/INFO]: Mushroom Growth Modifier: 100%
[03:13:01] [Server thread/INFO]: Pumpkin Growth Modifier: 100%
[03:13:01] [Server thread/INFO]: Sapling Growth Modifier: 100%
[03:13:01] [Server thread/INFO]: Wheat Growth Modifier: 100%
[03:13:01] [Server thread/INFO]: NetherWart Growth Modifier: 100%
[03:13:01] [Server thread/INFO]: Vine Growth Modifier: 100%
[03:13:01] [Server thread/INFO]: Cocoa Growth Modifier: 100%
[03:13:01] [Server thread/INFO]: Entity Activation Range: An 32 / Mo 32 / Mi 16
[03:13:01] [Server thread/INFO]: Mob Spawn Range: 4
[03:13:01] [Server thread/INFO]: Entity Tracking Range: Pl 48 / An 48 / Mo 48 / Mi 32 / Other 64
[03:13:01] [Server thread/INFO]: Hopper Transfer: 8 Hopper Check: 8 Hopper Amount: 1
[03:13:01] [Server thread/INFO]: Random Lighting Updates: false
[03:13:01] [Server thread/INFO]: Structure Info Saving: true
[03:13:01] [Server thread/INFO]: Max Entity Collisions: 8
[03:13:01] [Server thread/INFO]: Custom Map Seeds:  Village: 10387312 Feature: 14357617
[03:13:01] [Server thread/INFO]: Max TNT Explosions: 100
[03:13:01] [Server thread/INFO]: Tile Max Tick Time: 50ms Entity max Tick Time: 50ms
[03:13:01] [Server thread/INFO]: Item Despawn Rate: 6000
[03:13:01] [Server thread/INFO]: Item Merge Radius: 2.5
[03:13:01] [Server thread/INFO]: Arrow Despawn Rate: 1200
[03:13:01] [Server thread/INFO]: Allow Zombie Pigmen to spawn from portal blocks: true
[03:13:01] [Server thread/INFO]: View Distance: 10
[03:13:01] [Server thread/INFO]: Zombie Aggressive Towards Villager: true
[03:13:01] [Server thread/INFO]: Experience Merge Radius: 3.0
[03:13:01] [Server thread/INFO]: Nerfing mobs spawned from spawners: false
[03:13:01] [Server thread/INFO]: Preparing start region for level 0 (Seed: 6912228875643043167)
[03:13:02] [Server thread/INFO]: Preparing spawn area: 7%
[03:13:03] [Server thread/INFO]: Preparing spawn area: 62%
[03:13:03] [Server thread/INFO]: Preparing start region for level 1 (Seed: 674550115632182804)
[03:13:04] [Server thread/INFO]: Preparing spawn area: 76%
[03:13:05] [Server thread/INFO]: Preparing start region for level 2 (Seed: 674550115632182804)
[03:13:05] [Server thread/INFO]: [WorldEdit] Enabling WorldEdit v6.1.3;7a097ca
[03:13:05] [Server thread/INFO]: WEPIF: Using the Bukkit Permissions API.
[03:13:05] [Server thread/INFO]: [WorldEdit] Using com.sk89q.worldedit.bukkit.adapter.impl.Spigot_v1_10_R1 as the Bukkit adapter
[03:13:05] [Server thread/INFO]: [Essentials] Enabling Essentials vTeamCity
[03:13:05] [Server thread/INFO]: Bukkit version format changed. Version not checked.
[03:13:05] [Server thread/INFO]: git-Spigot-90f61bc-5e5cf84 (MC: 1.10.2)
[03:13:05] [Server thread/INFO]: 1.10.2-R0.1-SNAPSHOT
[03:13:05] [Server thread/INFO]: Using locale en_US
[03:13:05] [Server thread/INFO]: Using locale en_US
[03:13:05] [Server thread/INFO]: Essentials: Using config file enhanced permissions.
[03:13:05] [Server thread/INFO]: Permissions listed in as player-commands will be given to all users.
[03:13:05] [Server thread/INFO]: [VoxelSniper] Enabling VoxelSniper v5.171.0-SNAPSHOT
[03:13:06] [Server thread/INFO]: [VoxelSniper] Registered 75 Sniper Brushes with 149 handles.
[03:13:06] [Server thread/INFO]: [VoxelSniper] Registered Sniper Listener.
[03:13:06] [Server thread/INFO]: [EssentialsChat] Enabling EssentialsChat vTeamCity
[03:13:06] [Server thread/INFO]: [Vehicles] Enabling Vehicles v5.0
[03:13:06] [Server thread/INFO]: Vehicles >> lang.yml loaded.
[03:13:06] [Server thread/INFO]: [CrimeRing] Enabling CrimeRing v1.0
[03:13:06] [Server thread/INFO]: [CR] Loaded 1 scripts.
[03:13:06] [Server thread/INFO]: [CrackShot] Enabling CrackShot v0.98.5
[03:13:06] [Server thread/INFO]: [CrackShot] Each weapon must have a unique name, but two or more weapons have '&eAK-47' for Item_Name! Tip: '&eWeapon' and '&eWea&epon' are different, but both look the same.
[03:13:06] [Server thread/INFO]: [CrackShot] Gun-mode activated. Boop!
[03:13:06] [Server thread/INFO]: [Chairs] Enabling Chairs v4.9
[03:13:06] [Server thread/INFO]: [Chairs] Allowed block: WOOD_STAIRS => 0.7
[03:13:06] [Server thread/INFO]: [Chairs] Allowed block: SPRUCE_WOOD_STAIRS => 0.7
[03:13:06] [Server thread/INFO]: [Chairs] Allowed block: JUNGLE_WOOD_STAIRS => 0.7
[03:13:06] [Server thread/INFO]: [Chairs] Allowed block: BIRCH_WOOD_STAIRS => 0.7
[03:13:06] [Server thread/INFO]: [Chairs] Allowed block: SANDSTONE_STAIRS => 0.7
[03:13:06] [Server thread/INFO]: [Chairs] Allowed block: COBBLESTONE_STAIRS => 0.7
[03:13:06] [Server thread/INFO]: [Chairs] Allowed block: BRICK_STAIRS => 0.7
[03:13:06] [Server thread/INFO]: [Chairs] Allowed block: SMOOTH_STAIRS => 0.7
[03:13:06] [Server thread/INFO]: [Chairs] Allowed block: NETHER_BRICK_STAIRS => 0.7
[03:13:06] [Server thread/INFO]: [Chairs] Allowed block: QUARTZ_STAIRS => 0.7
[03:13:06] [Server thread/INFO]: [Chairs] Allowed block: ACACIA_STAIRS => 0.7
[03:13:06] [Server thread/INFO]: [Chairs] Allowed block: DARK_OAK_STAIRS => 0.7
[03:13:06] [Server thread/INFO]: [Chairs] Allowed block: RED_SANDSTONE_STAIRS => 0.7
[03:13:06] [Server thread/INFO]: [CreeperHeal] Enabling CreeperHeal v6.8.1
[03:13:06] [Server thread/INFO]: debug: false
[03:13:06] [Server thread/INFO]: [SurvivalMechanics] Enabling SurvivalMechanics v0.07
[03:13:06] [Server thread/INFO]: [EssentialsSpawn] Enabling EssentialsSpawn vTeamCity
[03:13:06] [Server thread/INFO]: [WorldGuard] Enabling WorldGuard v6.1.2;e38d98d
[03:13:06] [Server thread/INFO]: [WorldGuard] (world) TNT ignition is PERMITTED.
[03:13:06] [Server thread/INFO]: [WorldGuard] (world) Lighters are PERMITTED.
[03:13:06] [Server thread/INFO]: [WorldGuard] (world) Lava fire is blocked.
[03:13:06] [Server thread/INFO]: [WorldGuard] (world) Fire spread is UNRESTRICTED.
[03:13:06] [Server thread/INFO]: [WorldGuard] Loaded configuration for world 'world'
[03:13:06] [Server thread/INFO]: [WorldGuard] (world_nether) TNT ignition is PERMITTED.
[03:13:06] [Server thread/INFO]: [WorldGuard] (world_nether) Lighters are PERMITTED.
[03:13:06] [Server thread/INFO]: [WorldGuard] (world_nether) Lava fire is blocked.
[03:13:06] [Server thread/INFO]: [WorldGuard] (world_nether) Fire spread is UNRESTRICTED.
[03:13:06] [Server thread/INFO]: [WorldGuard] Loaded configuration for world 'world_nether'
[03:13:06] [Server thread/INFO]: [WorldGuard] (world_the_end) TNT ignition is PERMITTED.
[03:13:06] [Server thread/INFO]: [WorldGuard] (world_the_end) Lighters are PERMITTED.
[03:13:06] [Server thread/INFO]: [WorldGuard] (world_the_end) Lava fire is blocked.
[03:13:06] [Server thread/INFO]: [WorldGuard] (world_the_end) Fire spread is UNRESTRICTED.
[03:13:06] [Server thread/INFO]: [WorldGuard] Loaded configuration for world 'world_the_end'
[03:13:06] [Server thread/INFO]: [WorldGuard] Loading region data...
[03:13:06] [Server thread/INFO]: [Multiverse-Core] Enabling Multiverse-Core v2.5-b717
[03:13:07] [Server thread/INFO]: [Multiverse-Core] 3 - World(s) loaded.
[03:13:07] [Server thread/INFO]: [Multiverse-Core] Version 2.5-b717 (API v20) Enabled - By Rigby, fernferret, lithium3141 and main--
[03:13:07] [Server thread/INFO]: [EnjinMinecraftPlugin] Enabling EnjinMinecraftPlugin v2.7.7
[03:13:07] [Server thread/INFO]: [EnjinMinecraftPlugin] MC 1.3 or above found, enabling version 2 XP handling.
[03:13:07] [Server thread/INFO]: [EnjinMinecraftPlugin] MC 1.7.2 or above found, enabling version 2 log handling.
[03:13:07] [Server thread/INFO]: [EnjinMinecraftPlugin] Couldn't find the TuxTwoLib plugin. Only able to give items to online players only.
[03:13:07] [Server thread/WARN]: [EnjinMinecraftPlugin] Couldn't find the vault plugin! Please get it from dev.bukkit.org/bukkit-plugins/vault/!
[03:13:07] [Server thread/INFO]: [LibsDisguises] Enabling LibsDisguises v9.0.9
[03:13:07] [Server thread/WARN]: [LibsDisguises] Lib's Disguises failed to startup, outdated ProtocolLib!
[03:13:07] [Server thread/WARN]: [LibsDisguises] You need to update ProtocolLib, please try this build http://ci.dmulloy2.net/job/ProtocolLib/lastStableBuild/artifact/modules/ProtocolLib/target/ProtocolLib.jar
[03:13:07] [Server thread/INFO]: [MythicMobs] Enabling MythicMobs v2.4.5
[03:13:07] [Server thread/INFO]: [MythicMobs] Loading MythicMobs for Bukkit v1_10_R1 (Minecraft 1.1)...
[03:13:07] [Server thread/INFO]: [MythicMobs] MythicMobs Lib's Disguises Support has been enabled!
[03:13:07] [Server thread/INFO]: [MythicMobs] MythicMobs WorldGuard Support has been enabled!
[03:13:07] [Server thread/INFO]: [MythicMobs] Loaded 5 mobs.
[03:13:07] [Server thread/INFO]: [MythicMobs] Loaded 3 vanilla mob overrides.
[03:13:07] [Server thread/INFO]: [MythicMobs] Loaded 0 mob stacks.
[03:13:07] [Server thread/INFO]: [MythicMobs] Loaded 3 skills.
[03:13:07] [Server thread/INFO]: [MythicMobs] Loaded 2 random spawns.
[03:13:07] [Server thread/INFO]: [MythicMobs] Loaded 3 mythic items.
[03:13:07] [Server thread/INFO]: [MythicMobs] Loaded 1 drop tables.
[03:13:07] [Server thread/INFO]: [MythicMobs] Loaded 0 mob spawners.
[03:13:07] [Server thread/INFO]: [MythicMobs] MythicMobs configuration file loaded successfully.
[03:13:07] [Server thread/WARN]: [MythicMobs] ยง6--====|||| ยงcยงl MythicMobs ยง6 ||||====--
[03:13:07] [Server thread/WARN]: [MythicMobs] This version of MythicMobs is not fully compatible with your version of Bukkit.
[03:13:07] [Server thread/WARN]: [MythicMobs] Some features may be limited or disabled until you use a compatible version.
[03:13:07] [Server thread/INFO]: [MythicMobs] v2.4.5 has been successfully loaded!
[03:13:07] [Server thread/INFO]: Server permissions file permissions.yml is empty, ignoring it
[03:13:07] [Server thread/INFO]: Done (7.094s)! For help, type "help" or "?"
[03:13:07] [Server thread/INFO]: Vehicles >> Vault Economy not found, disabling shop.
[03:13:13] [User Authenticator #1/INFO]: UUID of player lolikillyaaa is eb44b54e-2f44-4825-a41e-a87fbe288865
[03:13:13] [Server thread/INFO]: lolikillyaaa[/99.229.241.92:63660] logged in with entity id 257 at ([world]-235.86465711792056, 46.0, -244.63596504325338)
[03:13:16] [User Authenticator #2/INFO]: UUID of player Spoonal is ebbc47b8-cc08-416f-875c-fcd68135acb7
[03:13:16] [Server thread/INFO]: Spoonal[/142.46.247.57:60456] logged in with entity id 878 at ([world]-176.6606415587403, 135.5, -233.97854294921717)
[03:13:21] [Server thread/INFO]: Spoonal lost connection: Disconnected
[03:13:21] [Server thread/INFO]: Spoonal left the game
[03:14:17] [User Authenticator #3/INFO]: UUID of player Spoonal is ebbc47b8-cc08-416f-875c-fcd68135acb7
[03:14:18] [Server thread/INFO]: Spoonal[/142.46.247.57:60555] logged in with entity id 17885 at ([world]-178.22323442423763, 135.0, -232.2487280474599)
[03:16:53] [User Authenticator #4/INFO]: UUID of player Chiiklez is 57fb1086-7ed8-42de-882d-2dc547ad9c84
[03:16:53] [Server thread/INFO]: Chiiklez[/69.117.58.123:50760] logged in with entity id 74256 at ([world]-208.7239403268251, 64.0, -172.07887586062196)
[03:16:54] [Server thread/INFO]: Spoonal issued server command: /tp loli
[03:17:02] [Server thread/INFO]: Spoonal issued server command: /gamemode 1
[03:17:21] [Async Chat Thread - #0/INFO]: [[0;37;1mworld[0;37;1m][m<[0;31;22mlolikillyaaa[m> ./action copy <blocks | NPC> <name1> <name2>[m
[03:17:24] [Server thread/INFO]: Chiiklez issued server command: /mm reload
[03:17:24] [Server thread/ERROR]: null
org.bukkit.command.CommandException: Unhandled exception executing command 'mm' in plugin MythicMobs v2.4.5
	at org.bukkit.command.PluginCommand.execute(PluginCommand.java:46) ~[spigot.jar:git-Spigot-90f61bc-5e5cf84]
	at org.bukkit.command.SimpleCommandMap.dispatch(SimpleCommandMap.java:140) ~[spigot.jar:git-Spigot-90f61bc-5e5cf84]
	at org.bukkit.craftbukkit.v1_10_R1.CraftServer.dispatchCommand(CraftServer.java:646) ~[spigot.jar:git-Spigot-90f61bc-5e5cf84]
	at net.minecraft.server.v1_10_R1.PlayerConnection.handleCommand(PlayerConnection.java:1351) [spigot.jar:git-Spigot-90f61bc-5e5cf84]
	at net.minecraft.server.v1_10_R1.PlayerConnection.a(PlayerConnection.java:1186) [spigot.jar:git-Spigot-90f61bc-5e5cf84]
	at net.minecraft.server.v1_10_R1.PacketPlayInChat.a(PacketPlayInChat.java:45) [spigot.jar:git-Spigot-90f61bc-5e5cf84]
	at net.minecraft.server.v1_10_R1.PacketPlayInChat.a(PacketPlayInChat.java:1) [spigot.jar:git-Spigot-90f61bc-5e5cf84]
	at net.minecraft.server.v1_10_R1.PlayerConnectionUtils$1.run(SourceFile:13) [spigot.jar:git-Spigot-90f61bc-5e5cf84]
	at java.util.concurrent.Executors$RunnableAdapter.call(Executors.java:511) [?:1.8.0_91]
	at java.util.concurrent.FutureTask.run(FutureTask.java:266) [?:1.8.0_91]
	at net.minecraft.server.v1_10_R1.SystemUtils.a(SourceFile:45) [spigot.jar:git-Spigot-90f61bc-5e5cf84]
	at net.minecraft.server.v1_10_R1.MinecraftServer.D(MinecraftServer.java:732) [spigot.jar:git-Spigot-90f61bc-5e5cf84]
	at net.minecraft.server.v1_10_R1.DedicatedServer.D(DedicatedServer.java:400) [spigot.jar:git-Spigot-90f61bc-5e5cf84]
	at net.minecraft.server.v1_10_R1.MinecraftServer.C(MinecraftServer.java:668) [spigot.jar:git-Spigot-90f61bc-5e5cf84]
	at net.minecraft.server.v1_10_R1.MinecraftServer.run(MinecraftServer.java:567) [spigot.jar:git-Spigot-90f61bc-5e5cf84]
	at java.lang.Thread.run(Thread.java:745) [?:1.8.0_91]
Caused by: java.lang.NullPointerException
	at me.libraryaddict.disguise.disguisetypes.PlayerDisguise.setSkin(PlayerDisguise.java:273) ~[?:?]
	at me.libraryaddict.disguise.disguisetypes.PlayerDisguise.<init>(PlayerDisguise.java:40) ~[?:?]
	at net.elseland.xikage.MythicMobs.Compatibility.LibsDisguisesSupport.getDisguise(LibsDisguisesSupport.java:65) ~[?:?]
	at net.elseland.xikage.MythicMobs.Mobs.MythicMob.<init>(MythicMob.java:596) ~[?:?]
	at net.elseland.xikage.MythicMobs.IO.Load.LoadMobs.LoadAllMobs(LoadMobs.java:35) ~[?:?]
	at net.elseland.xikage.MythicMobs.IO.Load.Configuration.LoadAll(Configuration.java:145) ~[?:?]
	at net.elseland.xikage.MythicMobs.Adapters.Bukkit.Commands.CommandHandler.cmdReload(CommandHandler.java:125) ~[?:?]
	at net.elseland.xikage.MythicMobs.Adapters.Bukkit.Commands.CommandHandler.onCommand(CommandHandler.java:72) ~[?:?]
	at org.bukkit.command.PluginCommand.execute(PluginCommand.java:44) ~[spigot.jar:git-Spigot-90f61bc-5e5cf84]
	... 15 more
[03:17:26] [Server thread/INFO]: Chiiklez issued server command: /mm
[03:17:28] [Server thread/INFO]: Chiiklez issued server command: /mm reload
[03:17:28] [Server thread/ERROR]: null
org.bukkit.command.CommandException: Unhandled exception executing command 'mm' in plugin MythicMobs v2.4.5
	at org.bukkit.command.PluginCommand.execute(PluginCommand.java:46) ~[spigot.jar:git-Spigot-90f61bc-5e5cf84]
	at org.bukkit.command.SimpleCommandMap.dispatch(SimpleCommandMap.java:140) ~[spigot.jar:git-Spigot-90f61bc-5e5cf84]
	at org.bukkit.craftbukkit.v1_10_R1.CraftServer.dispatchCommand(CraftServer.java:646) ~[spigot.jar:git-Spigot-90f61bc-5e5cf84]
	at net.minecraft.server.v1_10_R1.PlayerConnection.handleCommand(PlayerConnection.java:1351) [spigot.jar:git-Spigot-90f61bc-5e5cf84]
	at net.minecraft.server.v1_10_R1.PlayerConnection.a(PlayerConnection.java:1186) [spigot.jar:git-Spigot-90f61bc-5e5cf84]
	at net.minecraft.server.v1_10_R1.PacketPlayInChat.a(PacketPlayInChat.java:45) [spigot.jar:git-Spigot-90f61bc-5e5cf84]
	at net.minecraft.server.v1_10_R1.PacketPlayInChat.a(PacketPlayInChat.java:1) [spigot.jar:git-Spigot-90f61bc-5e5cf84]
	at net.minecraft.server.v1_10_R1.PlayerConnectionUtils$1.run(SourceFile:13) [spigot.jar:git-Spigot-90f61bc-5e5cf84]
	at java.util.concurrent.Executors$RunnableAdapter.call(Executors.java:511) [?:1.8.0_91]
	at java.util.concurrent.FutureTask.run(FutureTask.java:266) [?:1.8.0_91]
	at net.minecraft.server.v1_10_R1.SystemUtils.a(SourceFile:45) [spigot.jar:git-Spigot-90f61bc-5e5cf84]
	at net.minecraft.server.v1_10_R1.MinecraftServer.D(MinecraftServer.java:732) [spigot.jar:git-Spigot-90f61bc-5e5cf84]
	at net.minecraft.server.v1_10_R1.DedicatedServer.D(DedicatedServer.java:400) [spigot.jar:git-Spigot-90f61bc-5e5cf84]
	at net.minecraft.server.v1_10_R1.MinecraftServer.C(MinecraftServer.java:668) [spigot.jar:git-Spigot-90f61bc-5e5cf84]
	at net.minecraft.server.v1_10_R1.MinecraftServer.run(MinecraftServer.java:567) [spigot.jar:git-Spigot-90f61bc-5e5cf84]
	at java.lang.Thread.run(Thread.java:745) [?:1.8.0_91]
Caused by: java.lang.NullPointerException
	at me.libraryaddict.disguise.disguisetypes.PlayerDisguise.setSkin(PlayerDisguise.java:273) ~[?:?]
	at me.libraryaddict.disguise.disguisetypes.PlayerDisguise.<init>(PlayerDisguise.java:40) ~[?:?]
	at net.elseland.xikage.MythicMobs.Compatibility.LibsDisguisesSupport.getDisguise(LibsDisguisesSupport.java:65) ~[?:?]
	at net.elseland.xikage.MythicMobs.Mobs.MythicMob.<init>(MythicMob.java:596) ~[?:?]
	at net.elseland.xikage.MythicMobs.IO.Load.LoadMobs.LoadAllMobs(LoadMobs.java:35) ~[?:?]
	at net.elseland.xikage.MythicMobs.IO.Load.Configuration.LoadAll(Configuration.java:145) ~[?:?]
	at net.elseland.xikage.MythicMobs.Adapters.Bukkit.Commands.CommandHandler.cmdReload(CommandHandler.java:125) ~[?:?]
	at net.elseland.xikage.MythicMobs.Adapters.Bukkit.Commands.CommandHandler.onCommand(CommandHandler.java:72) ~[?:?]
	at org.bukkit.command.PluginCommand.execute(PluginCommand.java:44) ~[spigot.jar:git-Spigot-90f61bc-5e5cf84]
	... 15 more
[03:17:51] [Server thread/INFO]: lolikillyaaa issued server command: /tp Chiiklez
[03:18:32] [Server thread/INFO]: Chiiklez issued server command: /gm 1
[03:18:33] [Server thread/INFO]: Chiiklez issued server command: /warp
